2025-02-25 23:08:24,546 - INFO - Starting SCDA...
2025-02-25 23:08:24,546 - INFO - Starting SCDA...
2025-02-25 23:08:24,546 - INFO - Starting SCDA...
2025-02-25 23:08:24,546 - INFO - Starting SCDA...
2025-02-25 23:08:24,546 - INFO - Starting SCDA...
2025-02-25 23:08:24,546 - INFO - Starting SCDA...
2025-02-25 23:08:24,546 - INFO - Starting SCDA...
2025-02-25 23:08:24,546 - INFO - Starting SCDA...
2025-02-25 23:08:24,567 - INFO - Database schema initialized.
2025-02-25 23:08:24,567 - INFO - Database schema initialized.
2025-02-25 23:08:24,567 - INFO - Database schema initialized.
2025-02-25 23:08:24,567 - INFO - Database schema initialized.
2025-02-25 23:08:24,567 - INFO - Database schema initialized.
2025-02-25 23:08:24,567 - INFO - Database schema initialized.
2025-02-25 23:08:24,567 - INFO - Database schema initialized.
2025-02-25 23:08:24,567 - INFO - Database schema initialized.
2025-02-25 23:08:24,569 - INFO - Initializing antivirus scanner...
2025-02-25 23:08:24,569 - INFO - Initializing antivirus scanner...
2025-02-25 23:08:24,569 - INFO - Initializing antivirus scanner...
2025-02-25 23:08:24,569 - INFO - Initializing antivirus scanner...
2025-02-25 23:08:24,569 - INFO - Initializing antivirus scanner...
2025-02-25 23:08:24,569 - INFO - Initializing antivirus scanner...
2025-02-25 23:08:24,569 - INFO - Initializing antivirus scanner...
2025-02-25 23:08:24,569 - INFO - Initializing antivirus scanner...
2025-02-25 23:08:24,576 - ERROR - Windows Defender executable (MpCmdRun.exe) not found.
2025-02-25 23:08:24,576 - ERROR - Windows Defender executable (MpCmdRun.exe) not found.
2025-02-25 23:08:24,576 - ERROR - Windows Defender executable (MpCmdRun.exe) not found.
2025-02-25 23:08:24,576 - ERROR - Windows Defender executable (MpCmdRun.exe) not found.
2025-02-25 23:08:24,576 - ERROR - Windows Defender executable (MpCmdRun.exe) not found.
2025-02-25 23:08:24,576 - ERROR - Windows Defender executable (MpCmdRun.exe) not found.
2025-02-25 23:08:24,576 - ERROR - Windows Defender executable (MpCmdRun.exe) not found.
2025-02-25 23:08:24,576 - ERROR - Windows Defender executable (MpCmdRun.exe) not found.
2025-02-25 23:08:24,584 - INFO - Started monitoring download folder: C:\Users\aaaro\Downloads
2025-02-25 23:08:24,584 - INFO - Started monitoring download folder: C:\Users\aaaro\Downloads
2025-02-25 23:08:24,584 - INFO - Started monitoring download folder: C:\Users\aaaro\Downloads
2025-02-25 23:08:24,584 - INFO - Started monitoring download folder: C:\Users\aaaro\Downloads
2025-02-25 23:08:24,584 - INFO - Started monitoring download folder: C:\Users\aaaro\Downloads
2025-02-25 23:08:24,584 - INFO - Started monitoring download folder: C:\Users\aaaro\Downloads
2025-02-25 23:08:24,584 - INFO - Started monitoring download folder: C:\Users\aaaro\Downloads
2025-02-25 23:08:24,584 - INFO - Started monitoring download folder: C:\Users\aaaro\Downloads
2025-02-25 23:09:16,480 - INFO - Starting SCDA...
2025-02-25 23:09:16,480 - INFO - Starting SCDA...
2025-02-25 23:09:16,480 - INFO - Starting SCDA...
2025-02-25 23:09:16,480 - INFO - Starting SCDA...
2025-02-25 23:09:16,480 - INFO - Starting SCDA...
2025-02-25 23:09:16,480 - INFO - Starting SCDA...
2025-02-25 23:09:16,480 - INFO - Starting SCDA...
2025-02-25 23:09:16,480 - INFO - Starting SCDA...
2025-02-25 23:09:16,480 - INFO - Database schema initialized.
2025-02-25 23:09:16,480 - INFO - Database schema initialized.
2025-02-25 23:09:16,480 - INFO - Database schema initialized.
2025-02-25 23:09:16,480 - INFO - Database schema initialized.
2025-02-25 23:09:16,480 - INFO - Database schema initialized.
2025-02-25 23:09:16,480 - INFO - Database schema initialized.
2025-02-25 23:09:16,480 - INFO - Database schema initialized.
2025-02-25 23:09:16,480 - INFO - Database schema initialized.
2025-02-25 23:09:16,480 - INFO - Initializing antivirus scanner...
2025-02-25 23:09:16,480 - INFO - Initializing antivirus scanner...
2025-02-25 23:09:16,480 - INFO - Initializing antivirus scanner...
2025-02-25 23:09:16,480 - INFO - Initializing antivirus scanner...
2025-02-25 23:09:16,480 - INFO - Initializing antivirus scanner...
2025-02-25 23:09:16,480 - INFO - Initializing antivirus scanner...
2025-02-25 23:09:16,480 - INFO - Initializing antivirus scanner...
2025-02-25 23:09:16,480 - INFO - Initializing antivirus scanner...
2025-02-25 23:09:16,480 - ERROR - Windows Defender executable (MpCmdRun.exe) not found.
2025-02-25 23:09:16,480 - ERROR - Windows Defender executable (MpCmdRun.exe) not found.
2025-02-25 23:09:16,480 - ERROR - Windows Defender executable (MpCmdRun.exe) not found.
2025-02-25 23:09:16,480 - ERROR - Windows Defender executable (MpCmdRun.exe) not found.
2025-02-25 23:09:16,480 - ERROR - Windows Defender executable (MpCmdRun.exe) not found.
2025-02-25 23:09:16,480 - ERROR - Windows Defender executable (MpCmdRun.exe) not found.
2025-02-25 23:09:16,480 - ERROR - Windows Defender executable (MpCmdRun.exe) not found.
2025-02-25 23:09:16,480 - ERROR - Windows Defender executable (MpCmdRun.exe) not found.
2025-02-25 23:09:16,492 - INFO - Started monitoring download folder: C:\Users\aaaro\Downloads
2025-02-25 23:09:16,492 - INFO - Started monitoring download folder: C:\Users\aaaro\Downloads
2025-02-25 23:09:16,492 - INFO - Started monitoring download folder: C:\Users\aaaro\Downloads
2025-02-25 23:09:16,492 - INFO - Started monitoring download folder: C:\Users\aaaro\Downloads
2025-02-25 23:09:16,492 - INFO - Started monitoring download folder: C:\Users\aaaro\Downloads
2025-02-25 23:09:16,492 - INFO - Started monitoring download folder: C:\Users\aaaro\Downloads
2025-02-25 23:09:16,492 - INFO - Started monitoring download folder: C:\Users\aaaro\Downloads
2025-02-25 23:09:16,492 - INFO - Started monitoring download folder: C:\Users\aaaro\Downloads
2025-02-25 23:19:18,633 - INFO - Starting SCDA...
2025-02-25 23:19:18,633 - INFO - Database schema initialized.
2025-02-25 23:19:18,633 - INFO - Initializing antivirus scanner...
2025-02-25 23:19:18,693 - INFO - Windows Defender is available and ready to use.
2025-02-25 23:19:18,697 - INFO - Started monitoring download folder: C:\Users\aaaro\Downloads
2025-02-25 23:19:33,484 - INFO - File modified: C:\Users\aaaro\Downloads\OIP.jpeg
2025-02-25 23:19:33,484 - INFO - Handling file event for: C:\Users\aaaro\Downloads\OIP.jpeg
2025-02-25 23:19:33,487 - INFO - Database schema initialized.
2025-02-25 23:19:33,496 - INFO - Inserted download record for file: OIP.jpeg
2025-02-25 23:19:33,497 - INFO - New file added to database: C:\Users\aaaro\Downloads\OIP.jpeg
2025-02-25 23:19:33,497 - INFO - Database connection closed.
2025-02-25 23:19:33,498 - INFO - File modified: C:\Users\aaaro\Downloads\Screenshot_29-11-2024_115256_thumbs.dreamstime.com.jpeg
2025-02-25 23:19:33,498 - INFO - Handling file event for: C:\Users\aaaro\Downloads\Screenshot_29-11-2024_115256_thumbs.dreamstime.com.jpeg
2025-02-25 23:19:33,506 - INFO - Database schema initialized.
2025-02-25 23:19:33,513 - INFO - Inserted download record for file: Screenshot_29-11-2024_115256_thumbs.dreamstime.com.jpeg
2025-02-25 23:19:33,514 - INFO - New file added to database: C:\Users\aaaro\Downloads\Screenshot_29-11-2024_115256_thumbs.dreamstime.com.jpeg
2025-02-25 23:19:33,514 - INFO - Database connection closed.
2025-02-25 23:19:33,514 - INFO - File modified: C:\Users\aaaro\Downloads\bmw-m3-angel-eyes-black-background-5k-5000x3000-896.jpg
2025-02-25 23:19:33,514 - INFO - Handling file event for: C:\Users\aaaro\Downloads\bmw-m3-angel-eyes-black-background-5k-5000x3000-896.jpg
2025-02-25 23:19:33,519 - INFO - Database schema initialized.
2025-02-25 23:19:33,524 - INFO - Inserted download record for file: bmw-m3-angel-eyes-black-background-5k-5000x3000-896.jpg
2025-02-25 23:19:33,524 - INFO - New file added to database: C:\Users\aaaro\Downloads\bmw-m3-angel-eyes-black-background-5k-5000x3000-896.jpg
2025-02-25 23:19:33,525 - INFO - Database connection closed.
2025-02-25 23:19:33,525 - INFO - File modified: C:\Users\aaaro\Downloads\cristiano-ronaldo-digital-paint-artwork-1vlyt5tdc4o8h5kp.jpg
2025-02-25 23:19:33,525 - INFO - Handling file event for: C:\Users\aaaro\Downloads\cristiano-ronaldo-digital-paint-artwork-1vlyt5tdc4o8h5kp.jpg
2025-02-25 23:19:33,528 - INFO - Database schema initialized.
2025-02-25 23:19:33,533 - INFO - Inserted download record for file: cristiano-ronaldo-digital-paint-artwork-1vlyt5tdc4o8h5kp.jpg
2025-02-25 23:19:33,533 - INFO - New file added to database: C:\Users\aaaro\Downloads\cristiano-ronaldo-digital-paint-artwork-1vlyt5tdc4o8h5kp.jpg
2025-02-25 23:19:33,534 - INFO - Database connection closed.
2025-02-25 23:19:33,592 - INFO - File modified: C:\Users\aaaro\Downloads\contentcounts_orginal.xls
2025-02-25 23:19:33,607 - INFO - Handling file event for: C:\Users\aaaro\Downloads\contentcounts_orginal.xls
2025-02-25 23:19:33,609 - INFO - Database schema initialized.
2025-02-25 23:19:33,616 - INFO - Inserted download record for file: contentcounts_orginal.xls
2025-02-25 23:19:33,616 - INFO - New file added to database: C:\Users\aaaro\Downloads\contentcounts_orginal.xls
2025-02-25 23:19:33,616 - INFO - Database connection closed.
2025-02-25 23:19:33,633 - INFO - File modified: C:\Users\aaaro\Downloads\comparison.xls
2025-02-25 23:19:33,633 - INFO - Handling file event for: C:\Users\aaaro\Downloads\comparison.xls
2025-02-25 23:19:33,633 - INFO - Database schema initialized.
2025-02-25 23:19:33,645 - INFO - Inserted download record for file: comparison.xls
2025-02-25 23:19:33,646 - INFO - New file added to database: C:\Users\aaaro\Downloads\comparison.xls
2025-02-25 23:19:33,646 - INFO - Database connection closed.
2025-02-25 23:19:33,707 - INFO - File modified: C:\Users\aaaro\Downloads\DEPLOYMENT END POINTS.docx
2025-02-25 23:19:33,707 - INFO - Handling file event for: C:\Users\aaaro\Downloads\DEPLOYMENT END POINTS.docx
2025-02-25 23:19:33,707 - INFO - Database schema initialized.
2025-02-25 23:19:33,722 - INFO - Inserted download record for file: DEPLOYMENT END POINTS.docx
2025-02-25 23:19:33,722 - INFO - New file added to database: C:\Users\aaaro\Downloads\DEPLOYMENT END POINTS.docx
2025-02-25 23:19:33,722 - INFO - Database connection closed.
2025-02-25 23:19:33,762 - INFO - File modified: C:\Users\aaaro\Downloads\Presentation1.pptx
2025-02-25 23:19:33,762 - INFO - Handling file event for: C:\Users\aaaro\Downloads\Presentation1.pptx
2025-02-25 23:19:33,764 - INFO - Database schema initialized.
2025-02-25 23:19:33,769 - INFO - Inserted download record for file: Presentation1.pptx
2025-02-25 23:19:33,769 - INFO - New file added to database: C:\Users\aaaro\Downloads\Presentation1.pptx
2025-02-25 23:19:33,770 - INFO - Database connection closed.
2025-02-25 23:19:33,856 - INFO - File modified: C:\Users\aaaro\Downloads\do-not-copy-rubber-stamp-caution-81593247.webp
2025-02-25 23:19:33,856 - INFO - Handling file event for: C:\Users\aaaro\Downloads\do-not-copy-rubber-stamp-caution-81593247.webp
2025-02-25 23:19:33,856 - INFO - Database schema initialized.
2025-02-25 23:19:33,877 - INFO - Inserted download record for file: do-not-copy-rubber-stamp-caution-81593247.webp
2025-02-25 23:19:33,877 - INFO - New file added to database: C:\Users\aaaro\Downloads\do-not-copy-rubber-stamp-caution-81593247.webp
2025-02-25 23:19:33,877 - INFO - Database connection closed.
2025-02-25 23:19:34,011 - INFO - File modified: C:\Users\aaaro\Downloads\iron-man-marvel-superheroes-amoled-pitch-black-minimal-art-7680x6200-6293.png
2025-02-25 23:19:34,011 - INFO - Handling file event for: C:\Users\aaaro\Downloads\iron-man-marvel-superheroes-amoled-pitch-black-minimal-art-7680x6200-6293.png
2025-02-25 23:19:34,021 - INFO - Database schema initialized.
2025-02-25 23:19:34,028 - INFO - Inserted download record for file: iron-man-marvel-superheroes-amoled-pitch-black-minimal-art-7680x6200-6293.png
2025-02-25 23:19:34,028 - INFO - New file added to database: C:\Users\aaaro\Downloads\iron-man-marvel-superheroes-amoled-pitch-black-minimal-art-7680x6200-6293.png
2025-02-25 23:19:34,028 - INFO - Database connection closed.
2025-02-25 23:19:34,039 - INFO - File modified: C:\Users\aaaro\Downloads\presentation.pptx
2025-02-25 23:19:34,039 - INFO - Handling file event for: C:\Users\aaaro\Downloads\presentation.pptx
2025-02-25 23:19:34,045 - INFO - Database schema initialized.
2025-02-25 23:19:34,051 - INFO - Inserted download record for file: presentation.pptx
2025-02-25 23:19:34,051 - INFO - New file added to database: C:\Users\aaaro\Downloads\presentation.pptx
2025-02-25 23:19:34,051 - INFO - Database connection closed.
2025-02-25 23:19:34,054 - INFO - File modified: C:\Users\aaaro\Downloads\Minimalist Business Slides XL by Slidesgo.pptx
2025-02-25 23:19:34,054 - INFO - Handling file event for: C:\Users\aaaro\Downloads\Minimalist Business Slides XL by Slidesgo.pptx
2025-02-25 23:19:34,078 - INFO - Database schema initialized.
2025-02-25 23:19:34,085 - INFO - Inserted download record for file: Minimalist Business Slides XL by Slidesgo.pptx
2025-02-25 23:19:34,085 - INFO - New file added to database: C:\Users\aaaro\Downloads\Minimalist Business Slides XL by Slidesgo.pptx
2025-02-25 23:19:34,085 - INFO - Database connection closed.
2025-02-25 23:19:34,110 - INFO - File modified: C:\Users\aaaro\Downloads\Unit - V.docx
2025-02-25 23:19:34,110 - INFO - Handling file event for: C:\Users\aaaro\Downloads\Unit - V.docx
2025-02-25 23:19:34,114 - INFO - Database schema initialized.
2025-02-25 23:19:34,122 - INFO - Inserted download record for file: Unit - V.docx
2025-02-25 23:19:34,122 - INFO - New file added to database: C:\Users\aaaro\Downloads\Unit - V.docx
2025-02-25 23:19:34,124 - INFO - Database connection closed.
2025-02-25 23:19:34,124 - INFO - File modified: C:\Users\aaaro\Downloads\Unit IV.docx
2025-02-25 23:19:34,124 - INFO - Handling file event for: C:\Users\aaaro\Downloads\Unit IV.docx
2025-02-25 23:19:34,127 - INFO - Database schema initialized.
2025-02-25 23:19:34,132 - INFO - Inserted download record for file: Unit IV.docx
2025-02-25 23:19:34,132 - INFO - New file added to database: C:\Users\aaaro\Downloads\Unit IV.docx
2025-02-25 23:19:34,132 - INFO - Database connection closed.
2025-02-25 23:19:34,133 - INFO - File modified: C:\Users\aaaro\Downloads\UNIT III.docx
2025-02-25 23:19:34,133 - INFO - Handling file event for: C:\Users\aaaro\Downloads\UNIT III.docx
2025-02-25 23:19:34,140 - INFO - Database schema initialized.
2025-02-25 23:19:34,144 - INFO - Inserted download record for file: UNIT III.docx
2025-02-25 23:19:34,145 - INFO - New file added to database: C:\Users\aaaro\Downloads\UNIT III.docx
2025-02-25 23:19:34,145 - INFO - Database connection closed.
2025-02-25 23:19:34,145 - INFO - File modified: C:\Users\aaaro\Downloads\unit II (1).docx
2025-02-25 23:19:34,145 - INFO - Handling file event for: C:\Users\aaaro\Downloads\unit II (1).docx
2025-02-25 23:19:34,153 - INFO - Database schema initialized.
2025-02-25 23:19:34,159 - INFO - Inserted download record for file: unit II (1).docx
2025-02-25 23:19:34,159 - INFO - New file added to database: C:\Users\aaaro\Downloads\unit II (1).docx
2025-02-25 23:19:34,159 - INFO - Database connection closed.
2025-02-25 23:19:34,160 - INFO - File modified: C:\Users\aaaro\Downloads\Unit I (1).docx
2025-02-25 23:19:34,160 - INFO - Handling file event for: C:\Users\aaaro\Downloads\Unit I (1).docx
2025-02-25 23:19:34,163 - INFO - Database schema initialized.
2025-02-25 23:19:34,169 - INFO - Inserted download record for file: Unit I (1).docx
2025-02-25 23:19:34,169 - INFO - New file added to database: C:\Users\aaaro\Downloads\Unit I (1).docx
2025-02-25 23:19:34,169 - INFO - Database connection closed.
2025-02-25 23:19:34,171 - INFO - File modified: C:\Users\aaaro\Downloads\Resume.docx
2025-02-25 23:19:34,172 - INFO - Handling file event for: C:\Users\aaaro\Downloads\Resume.docx
2025-02-25 23:19:34,177 - INFO - Database schema initialized.
2025-02-25 23:19:34,182 - INFO - Inserted download record for file: Resume.docx
2025-02-25 23:19:34,182 - INFO - New file added to database: C:\Users\aaaro\Downloads\Resume.docx
2025-02-25 23:19:34,182 - INFO - Database connection closed.
2025-02-25 23:19:50,215 - INFO - New file detected: C:\Users\aaaro\Downloads\RansomwareData - Copy\RansomwareData.csv
2025-02-25 23:19:50,215 - INFO - Handling file event for: C:\Users\aaaro\Downloads\RansomwareData - Copy\RansomwareData.csv
2025-02-25 23:19:50,441 - INFO - Database schema initialized.
2025-02-25 23:19:50,450 - INFO - Inserted download record for file: RansomwareData.csv
2025-02-25 23:19:50,450 - INFO - New file added to database: C:\Users\aaaro\Downloads\RansomwareData - Copy\RansomwareData.csv
2025-02-25 23:19:50,450 - INFO - Database connection closed.
2025-02-25 23:19:50,450 - INFO - New file detected: C:\Users\aaaro\Downloads\RansomwareData - Copy\RansomwareData.csv
2025-02-25 23:19:50,450 - INFO - Handling file event for: C:\Users\aaaro\Downloads\RansomwareData - Copy\RansomwareData.csv
2025-02-25 23:19:50,627 - INFO - Database schema initialized.
2025-02-25 23:19:50,627 - WARNING - Duplicate file found: RansomwareData.csv
2025-02-25 23:19:50,627 - INFO - Database connection closed.
2025-02-25 23:19:50,627 - INFO - File modified: C:\Users\aaaro\Downloads\RansomwareData - Copy\RansomwareData.csv
2025-02-25 23:19:50,627 - INFO - Handling file event for: C:\Users\aaaro\Downloads\RansomwareData - Copy\RansomwareData.csv
2025-02-25 23:19:50,871 - INFO - Database schema initialized.
2025-02-25 23:19:50,871 - WARNING - Duplicate file found: RansomwareData.csv
2025-02-25 23:19:50,871 - INFO - Database connection closed.
2025-02-25 23:20:29,359 - INFO - New file detected: C:\Users\aaaro\Downloads\RansomwareData - Copy (2)\RansomwareData.csv
2025-02-25 23:20:29,359 - INFO - Handling file event for: C:\Users\aaaro\Downloads\RansomwareData - Copy (2)\RansomwareData.csv
2025-02-25 23:20:29,477 - INFO - Database schema initialized.
2025-02-25 23:20:29,477 - WARNING - Duplicate file found: RansomwareData.csv
2025-02-25 23:20:29,477 - INFO - Database connection closed.
2025-02-25 23:20:29,477 - INFO - New file detected: C:\Users\aaaro\Downloads\RansomwareData - Copy (2)\RansomwareData.csv
2025-02-25 23:20:29,477 - INFO - Handling file event for: C:\Users\aaaro\Downloads\RansomwareData - Copy (2)\RansomwareData.csv
2025-02-25 23:20:29,621 - INFO - Database schema initialized.
2025-02-25 23:20:29,621 - WARNING - Duplicate file found: RansomwareData.csv
2025-02-25 23:20:29,621 - INFO - Database connection closed.
2025-02-25 23:20:29,621 - INFO - File modified: C:\Users\aaaro\Downloads\RansomwareData - Copy (2)\RansomwareData.csv
2025-02-25 23:20:29,621 - INFO - Handling file event for: C:\Users\aaaro\Downloads\RansomwareData - Copy (2)\RansomwareData.csv
2025-02-25 23:20:29,736 - INFO - Database schema initialized.
2025-02-25 23:20:29,736 - WARNING - Duplicate file found: RansomwareData.csv
2025-02-25 23:20:29,736 - INFO - Database connection closed.
